<?xml version="1.0" encoding="UTF-8"?>
<!-- Generated by org.testng.reporters.JUnitReportReporter -->
<testsuite hostname="RaihanPC" failures="0" tests="1" name="hw16.Use_of_isSelect_method" time="3.523" errors="0" timestamp="2022-03-22T13:16:27 EDT" skipped="0">
  <testcase classname="hw16.Use_of_isSelect_method" name="checkBoxTest" time="3.523"/>
  <system-out/>
</testsuite> <!-- hw16.Use_of_isSelect_method -->
