<?xml version="1.0" encoding="UTF-8"?>
<!-- Generated by org.testng.reporters.JUnitReportReporter -->
<testsuite hostname="RaihanPC" failures="0" tests="1" name="HW_18_selenium.Firefox_driver" time="7.501" errors="0" timestamp="2022-04-03T11:17:50 EDT" skipped="0">
  <testcase classname="HW_18_selenium.Firefox_driver" name="fireFoxBrowsertest" time="7.501"/>
  <system-out/>
</testsuite> <!-- HW_18_selenium.Firefox_driver -->
