<?xml version="1.0" encoding="UTF-8"?>
<!-- Generated by org.testng.reporters.JUnitReportReporter -->
<testsuite hostname="RaihanPC" failures="0" tests="1" name="hw16.Use_of_send_key_method_click_submit_and_clear" time="59.129" errors="0" timestamp="2022-03-23T00:27:49 EDT" skipped="0">
  <testcase classname="hw16.Use_of_send_key_method_click_submit_and_clear" name="sendKeyMethodTest" time="59.129"/>
  <system-out/>
</testsuite> <!-- hw16.Use_of_send_key_method_click_submit_and_clear -->
