<?xml version="1.0" encoding="UTF-8"?>
<!-- Generated by org.testng.reporters.JUnitReportReporter -->
<testsuite hostname="RaihanPC" failures="0" tests="1" name="hw15.Use_of_click_method_by_link_text" time="6.428" errors="0" timestamp="2022-03-21T15:06:18 EDT" skipped="0">
  <testcase classname="hw15.Use_of_click_method_by_link_text" name="mobileAppsTest" time="6.428"/>
  <system-out/>
</testsuite> <!-- hw15.Use_of_click_method_by_link_text -->
