<?xml version="1.0" encoding="UTF-8"?>
<!-- Generated by org.testng.reporters.JUnitReportReporter -->
<testsuite hostname="RaihanPC" failures="0" tests="1" name="hw15.Test_by_link_text" time="6.300" errors="0" timestamp="2022-03-21T11:26:02 EDT" skipped="0">
  <testcase classname="hw15.Test_by_link_text" name="testWithLinkTest" time="6.300"/>
  <system-out/>
</testsuite> <!-- hw15.Test_by_link_text -->
