<?xml version="1.0" encoding="UTF-8"?>
<!-- Generated by org.testng.reporters.JUnitReportReporter -->
<testsuite hostname="RaihanPC" failures="0" tests="3" name="HW_18_selenium.Drop_down_selected_by_index_method" time="3.346" errors="0" timestamp="2022-03-24T11:44:57 EDT" skipped="2">
  <testcase classname="HW_18_selenium.Drop_down_selected_by_index_method" name="dropDownBySelectByValue" time="3.346"/>
  <system-out/>
  <testcase classname="HW_18_selenium.Drop_down_selected_by_index_method" name="dropDownBySelectByVisibleTest">
    <skipped/>
  </testcase> <!-- dropDownBySelectByVisibleTest -->
  <system-out/>
  <testcase classname="HW_18_selenium.Drop_down_selected_by_index_method" name="dropDownBySelectByIndexTest">
    <skipped/>
  </testcase> <!-- dropDownBySelectByIndexTest -->
  <system-out/>
</testsuite> <!-- HW_18_selenium.Drop_down_selected_by_index_method -->
