<?xml version="1.0" encoding="UTF-8"?>
<!-- Generated by org.testng.reporters.JUnitReportReporter -->
<testsuite hostname="RaihanPC" failures="0" tests="1" name="hw16.practice" time="5.049" errors="0" timestamp="2022-03-21T15:34:40 EDT" skipped="0">
  <testcase classname="hw16.practice" name="loginButtonTest" time="5.049"/>
  <system-out/>
</testsuite> <!-- hw16.practice -->
