<?xml version="1.0" encoding="UTF-8"?>
<!-- Generated by org.testng.reporters.JUnitReportReporter -->
<testsuite hostname="RaihanPC" failures="0" tests="1" name="hw16.Use_of_get_text_method" time="2.428" errors="0" timestamp="2022-03-22T11:34:59 EDT" skipped="0">
  <testcase classname="hw16.Use_of_get_text_method" name="getTextMethodTest" time="2.428"/>
  <system-out/>
</testsuite> <!-- hw16.Use_of_get_text_method -->
