<?xml version="1.0" encoding="UTF-8"?>
<!-- Generated by org.testng.reporters.JUnitReportReporter -->
<testsuite hostname="RaihanPC" failures="0" tests="1" name="hw16_selenium.Use_of_get_current_URL_method" time="11.561" errors="0" timestamp="2022-03-24T12:24:54 EDT" skipped="0">
  <testcase classname="hw16_selenium.Use_of_get_current_URL_method" name="getCurrentURLTestTest" time="11.561"/>
  <system-out/>
</testsuite> <!-- hw16_selenium.Use_of_get_current_URL_method -->
