<?xml version="1.0" encoding="UTF-8"?>
<!-- Generated by org.testng.reporters.JUnitReportReporter -->
<testsuite hostname="RaihanPC" failures="0" tests="3" name="HW_18_selenium.Mouse_hover_action_test" time="16.450" errors="0" timestamp="2022-03-24T12:56:41 EDT" skipped="0">
  <testcase classname="HW_18_selenium.Mouse_hover_action_test" name="mouseHoverOnMyEbay" time="6.037"/>
  <system-out/>
  <testcase classname="HW_18_selenium.Mouse_hover_action_test" name="mouseHoverOnWatchList" time="5.175"/>
  <system-out/>
  <testcase classname="HW_18_selenium.Mouse_hover_action_test" name="mouseHoverOnWatchList" time="5.238"/>
  <system-out/>
</testsuite> <!-- HW_18_selenium.Mouse_hover_action_test -->
