<?xml version="1.0" encoding="UTF-8"?>
<!-- Generated by org.testng.reporters.JUnitReportReporter -->
<testsuite hostname="RaihanPC" failures="0" tests="1" name="hw_19.Use_of_explicitely_wait" time="8.330" errors="0" timestamp="2022-04-05T15:18:45 EDT" skipped="0">
  <testcase classname="hw_19.Use_of_explicitely_wait" name="explicitelyWaitTest" time="8.330"/>
  <system-out/>
</testsuite> <!-- hw_19.Use_of_explicitely_wait -->
