<?xml version="1.0" encoding="UTF-8"?>
<!-- Generated by org.testng.reporters.JUnitReportReporter -->
<testsuite hostname="RaihanPC" failures="0" tests="1" name="hw15.Test_by_CSS_selector_class" time="5.333" errors="0" timestamp="2022-03-21T11:31:45 EDT" skipped="0">
  <testcase classname="hw15.Test_by_CSS_selector_class" name="testWithUniqueID" time="5.333"/>
  <system-out/>
</testsuite> <!-- hw15.Test_by_CSS_selector_class -->
