<?xml version="1.0" encoding="UTF-8"?>
<!-- Generated by org.testng.reporters.JUnitReportReporter -->
<testsuite hostname="RaihanPC" failures="0" tests="2" name="HW_18_selenium.Use_of_get_size_and_set_size_method" time="2.857" errors="0" timestamp="2022-03-27T14:45:14 EDT" skipped="1">
  <testcase classname="HW_18_selenium.Use_of_get_size_and_set_size_method" name="sizeOfWindowTest" time="2.857"/>
  <system-out/>
  <testcase classname="HW_18_selenium.Use_of_get_size_and_set_size_method" name="setSpecificSizeOfWindowTest">
    <skipped/>
  </testcase> <!-- setSpecificSizeOfWindowTest -->
  <system-out/>
</testsuite> <!-- HW_18_selenium.Use_of_get_size_and_set_size_method -->
