<?xml version="1.0" encoding="UTF-8"?>
<!-- Generated by org.testng.reporters.JUnitReportReporter -->
<testsuite hostname="RaihanPC" failures="0" tests="1" name="hw15.Test_by_unique_name" time="3.122" errors="0" timestamp="2022-03-22T11:28:51 EDT" skipped="0">
  <testcase classname="hw15.Test_by_unique_name" name="nameTest" time="3.122"/>
  <system-out/>
</testsuite> <!-- hw15.Test_by_unique_name -->
