<?xml version="1.0" encoding="UTF-8"?>
<!-- Generated by org.testng.reporters.JUnitReportReporter -->
<testsuite hostname="RaihanPC" failures="0" tests="1" name="hw16.Use_of_isDisplayed_method_by_CSS_selector_class_locator" time="2.490" errors="0" timestamp="2022-03-21T14:22:45 EDT" skipped="0">
  <testcase classname="hw16.Use_of_isDisplayed_method_by_CSS_selector_class_locator" name="loginModalHeaderTest" time="2.490"/>
  <system-out/>
</testsuite> <!-- hw16.Use_of_isDisplayed_method_by_CSS_selector_class_locator -->
