<?xml version="1.0" encoding="UTF-8"?>
<!-- Generated by org.testng.reporters.JUnitReportReporter -->
<testsuite hostname="RaihanPC" failures="0" tests="4" name="hw_20.Xpath" time="12.914" errors="0" timestamp="2022-04-08T11:08:19 EDT" skipped="0">
  <testcase classname="hw_20.Xpath" name="searchButtonByParent" time="3.974"/>
  <system-out/>
  <testcase classname="hw_20.Xpath" name="searchFieldByChild" time="4.615"/>
  <system-out/>
  <testcase classname="hw_20.Xpath" name="shoppingCartByFollowingSibling" time="2.102"/>
  <system-out/>
  <testcase classname="hw_20.Xpath" name="selectYourAddressByPrecedingSibling" time="2.223"/>
  <system-out/>
</testsuite> <!-- hw_20.Xpath -->
