<?xml version="1.0" encoding="UTF-8"?>
<!-- Generated by org.testng.reporters.JUnitReportReporter -->
<testsuite hostname="RaihanPC" failures="0" tests="2" name="hw_20.Use_of_depends_on_method" time="11.183" errors="0" timestamp="2022-04-05T14:52:16 EDT" skipped="0">
  <testcase classname="hw_20.Use_of_depends_on_method" name="mouseHoverOnMyEbay" time="5.980"/>
  <system-out/>
  <testcase classname="hw_20.Use_of_depends_on_method" name="mouseHoverOnWatchList" time="5.203"/>
  <system-out/>
</testsuite> <!-- hw_20.Use_of_depends_on_method -->
