<?xml version="1.0" encoding="UTF-8"?>
<!-- Generated by org.testng.reporters.JUnitReportReporter -->
<testsuite hostname="RaihanPC" failures="0" tests="1" name="hw_20.Use_of_web_driver_manager_chrome" time="10.217" errors="0" timestamp="2022-04-05T15:41:42 EDT" skipped="0">
  <testcase classname="hw_20.Use_of_web_driver_manager_chrome" name="mouseHoverScrollDown" time="10.217"/>
  <system-out/>
</testsuite> <!-- hw_20.Use_of_web_driver_manager_chrome -->
