<?xml version="1.0" encoding="UTF-8"?>
<!-- Generated by org.testng.reporters.JUnitReportReporter -->
<testsuite hostname="RaihanPC" failures="0" tests="1" name="hw16_selenium.Use_of_get_text_method" time="2.130" errors="0" timestamp="2022-04-25T11:47:57 EDT" skipped="0">
  <testcase classname="hw16_selenium.Use_of_get_text_method" name="getTextMethodTest" time="2.130"/>
  <system-out/>
</testsuite> <!-- hw16_selenium.Use_of_get_text_method -->
