<?xml version="1.0" encoding="UTF-8"?>
<!-- Generated by org.testng.reporters.JUnitReportReporter -->
<testsuite hostname="RaihanPC" failures="0" tests="3" name="HW_18_selenium.Mouse_hover_action_test" time="31.070" errors="0" timestamp="2022-05-04T14:23:36 EDT" skipped="0">
  <testcase classname="HW_18_selenium.Mouse_hover_action_test" name="mouseHoverOnMyEbay" time="10.693"/>
  <system-out/>
  <testcase classname="HW_18_selenium.Mouse_hover_action_test" name="mouseHoverOnWatchList" time="10.195"/>
  <system-out/>
  <testcase classname="HW_18_selenium.Mouse_hover_action_test" name="mouseHoverOnWatchList" time="10.182"/>
  <system-out/>
</testsuite> <!-- HW_18_selenium.Mouse_hover_action_test -->
