<?xml version="1.0" encoding="UTF-8"?>
<!-- Generated by org.testng.reporters.JUnitReportReporter -->
<testsuite hostname="RaihanPC" failures="0" tests="1" name="hw_20.Use_of_web_driver_manager" time="6.008" errors="0" timestamp="2022-04-05T15:36:11 EDT" skipped="0">
  <testcase classname="hw_20.Use_of_web_driver_manager" name="webDriverManagerTest" time="6.008"/>
  <system-out/>
</testsuite> <!-- hw_20.Use_of_web_driver_manager -->
