<?xml version="1.0" encoding="UTF-8"?>
<!-- Generated by org.testng.reporters.JUnitReportReporter -->
<testsuite hostname="RaihanPC" failures="0" tests="1" name="hw15.HwP1" time="5.053" errors="0" timestamp="2022-03-20T17:30:33 EDT" skipped="0">
  <testcase classname="hw15.HwP1" name="testWithUniqueID" time="5.053"/>
  <system-out/>
</testsuite> <!-- hw15.HwP1 -->
