<?xml version="1.0" encoding="UTF-8"?>
<!-- Generated by org.testng.reporters.JUnitReportReporter -->
<testsuite hostname="RaihanPC" failures="0" tests="2" name="hw16.Use_of_isEnable_method" time="4.359" errors="0" timestamp="2022-03-21T15:42:22 EDT" skipped="0">
  <testcase classname="hw16.Use_of_isEnable_method" name="signInButtonTest" time="2.280"/>
  <system-out/>
  <testcase classname="hw16.Use_of_isEnable_method" name="forgotPasswordTest" time="2.079"/>
  <system-out/>
</testsuite> <!-- hw16.Use_of_isEnable_method -->
