<?xml version="1.0" encoding="UTF-8"?>
<!-- Generated by org.testng.reporters.JUnitReportReporter -->
<testsuite hostname="RaihanPC" failures="0" tests="1" name="hw15.Use_of_click_method_by_CSS_selector_class" time="5.211" errors="0" timestamp="2022-03-22T11:37:16 EDT" skipped="0">
  <testcase classname="hw15.Use_of_click_method_by_CSS_selector_class" name="investorFooterTest" time="5.211"/>
  <system-out/>
</testsuite> <!-- hw15.Use_of_click_method_by_CSS_selector_class -->
