<?xml version="1.0" encoding="UTF-8"?>
<!-- Generated by org.testng.reporters.JUnitReportReporter -->
<testsuite hostname="RaihanPC" failures="0" tests="1" name="hw16.Use_of_getTitle_methode" time="0.036" errors="0" timestamp="2022-03-22T11:33:06 EDT" skipped="0">
  <testcase classname="hw16.Use_of_getTitle_methode" name="getTitleTest" time="0.036"/>
  <system-out/>
</testsuite> <!-- hw16.Use_of_getTitle_methode -->
