<?xml version="1.0" encoding="UTF-8"?>
<!-- Generated by org.testng.reporters.JUnitReportReporter -->
<testsuite hostname="RaihanPC" failures="0" tests="2" name="hw16.Use_of_isEnable_method" time="4.942" errors="0" timestamp="2022-03-22T13:19:13 EDT" skipped="0">
  <testcase classname="hw16.Use_of_isEnable_method" name="signInButtonTest" time="2.882"/>
  <system-out/>
  <testcase classname="hw16.Use_of_isEnable_method" name="forgotPasswordTest" time="2.060"/>
  <system-out/>
</testsuite> <!-- hw16.Use_of_isEnable_method -->
