<?xml version="1.0" encoding="UTF-8"?>
<!-- Generated by org.testng.reporters.JUnitReportReporter -->
<testsuite hostname="RaihanPC" failures="0" tests="1" name="hw15.SignIn_button_test_with_className" time="5.333" errors="0" timestamp="2022-03-21T11:37:45 EDT" skipped="0">
  <testcase classname="hw15.SignIn_button_test_with_className" name="careerOnFooterTest" time="5.333"/>
  <system-out/>
</testsuite> <!-- hw15.SignIn_button_test_with_className -->
