<?xml version="1.0" encoding="UTF-8"?>
<!-- Generated by org.testng.reporters.JUnitReportReporter -->
<testsuite hostname="RaihanPC" failures="0" tests="1" name="HW_18_selenium.Firefox_driver" time="6.756" errors="0" timestamp="2022-03-27T14:50:11 EDT" skipped="0">
  <testcase classname="HW_18_selenium.Firefox_driver" name="fireFoxBrowsertest" time="6.756"/>
  <system-out/>
</testsuite> <!-- HW_18_selenium.Firefox_driver -->
