<?xml version="1.0" encoding="UTF-8"?>
<!-- Generated by org.testng.reporters.JUnitReportReporter -->
<testsuite hostname="RaihanPC" failures="0" tests="2" name="HW_18_selenium.screensize" time="5.456" errors="0" timestamp="2022-03-24T13:06:50 EDT" skipped="1">
  <testcase classname="HW_18_selenium.screensize" name="setSpecificSizeOfWindowTest" time="5.456"/>
  <system-out/>
  <testcase classname="HW_18_selenium.screensize" name="sizeOfWindowTest">
    <skipped/>
  </testcase> <!-- sizeOfWindowTest -->
  <system-out/>
</testsuite> <!-- HW_18_selenium.screensize -->
