<?xml version="1.0" encoding="UTF-8"?>
<!-- Generated by org.testng.reporters.JUnitReportReporter -->
<testsuite hostname="RaihanPC" failures="0" tests="1" name="hw15.Hw15Name" time="5.267" errors="0" timestamp="2022-03-20T18:44:22 EDT" skipped="0">
  <testcase classname="hw15.Hw15Name" name="loginButtonTest" time="5.267"/>
  <system-out/>
</testsuite> <!-- hw15.Hw15Name -->
