<?xml version="1.0" encoding="UTF-8"?>
<!-- Generated by org.testng.reporters.JUnitReportReporter -->
<testsuite hostname="RaihanPC" failures="0" tests="1" name="hw16.Use_of_isDisplayed_method_by_Xpath" time="3.197" errors="0" timestamp="2022-03-21T15:41:36 EDT" skipped="0">
  <testcase classname="hw16.Use_of_isDisplayed_method_by_Xpath" name="loginModalHeaderTest" time="3.197"/>
  <system-out/>
</testsuite> <!-- hw16.Use_of_isDisplayed_method_by_Xpath -->
