<?xml version="1.0" encoding="UTF-8"?>
<!-- Generated by org.testng.reporters.JUnitReportReporter -->
<testsuite hostname="RaihanPC" failures="0" tests="1" name="hw15.Login_button_test_with_unique_id" time="5.131" errors="0" timestamp="2022-03-21T12:51:23 EDT" skipped="0">
  <testcase classname="hw15.Login_button_test_with_unique_id" name="testWithUniqueID" time="5.131"/>
  <system-out/>
</testsuite> <!-- hw15.Login_button_test_with_unique_id -->
