<?xml version="1.0" encoding="UTF-8"?>
<!-- Generated by org.testng.reporters.JUnitReportReporter -->
<testsuite hostname="RaihanPC" failures="0" tests="1" name="hw15.Use_of_click_method_by_unique_name_locator" time="3.171" errors="0" timestamp="2022-03-22T11:33:38 EDT" skipped="0">
  <testcase classname="hw15.Use_of_click_method_by_unique_name_locator" name="signinFormTest" time="3.171"/>
  <system-out/>
</testsuite> <!-- hw15.Use_of_click_method_by_unique_name_locator -->
