<?xml version="1.0" encoding="UTF-8"?>
<!-- Generated by org.testng.reporters.JUnitReportReporter -->
<testsuite hostname="RaihanPC" failures="0" tests="1" name="HW_18_selenium.Use_of_send_key_and_clear_method_by_enter_keys" time="4.378" errors="0" timestamp="2022-04-25T13:10:31 EDT" skipped="0">
  <testcase classname="HW_18_selenium.Use_of_send_key_and_clear_method_by_enter_keys" name="sendKeyAndClearMethodTest" time="4.378"/>
  <system-out/>
</testsuite> <!-- HW_18_selenium.Use_of_send_key_and_clear_method_by_enter_keys -->
