<?xml version="1.0" encoding="UTF-8"?>
<!-- Generated by org.testng.reporters.JUnitReportReporter -->
<testsuite hostname="RaihanPC" failures="0" tests="1" name="hw16.Use_of_send_key_method" time="7.791" errors="0" timestamp="2022-03-22T13:36:49 EDT" skipped="0">
  <testcase classname="hw16.Use_of_send_key_method" name="sendKeyMethodTest" time="7.791"/>
  <system-out/>
</testsuite> <!-- hw16.Use_of_send_key_method -->
