<?xml version="1.0" encoding="UTF-8"?>
<!-- Generated by org.testng.reporters.JUnitReportReporter -->
<testsuite hostname="RaihanPC" failures="0" tests="1" name="hw15.Use_of_clickmethod_with_unique_id" time="5.170" errors="0" timestamp="2022-03-21T15:19:46 EDT" skipped="0">
  <testcase classname="hw15.Use_of_clickmethod_with_unique_id" name="signinButtonTest" time="5.170"/>
  <system-out/>
</testsuite> <!-- hw15.Use_of_clickmethod_with_unique_id -->
