<?xml version="1.0" encoding="UTF-8"?>
<!-- Generated by org.testng.reporters.JUnitReportReporter -->
<testsuite hostname="RaihanPC" failures="0" tests="1" name="HW_18_selenium.Use_of_navigate_methods_by_sendkey" time="18.610" errors="0" timestamp="2022-03-24T04:35:53 EDT" skipped="0">
  <testcase classname="HW_18_selenium.Use_of_navigate_methods_by_sendkey" name="navigateTest" time="18.610"/>
  <system-out/>
</testsuite> <!-- HW_18_selenium.Use_of_navigate_methods_by_sendkey -->
