<?xml version="1.0" encoding="UTF-8"?>
<!-- Generated by org.testng.reporters.JUnitReportReporter -->
<testsuite hostname="RaihanPC" failures="0" tests="1" name="hw15.Use_of_click_method_with_class_name" time="5.261" errors="0" timestamp="2022-03-21T12:44:37 EDT" skipped="0">
  <testcase classname="hw15.Use_of_click_method_with_class_name" name="careerOnFooterTest" time="5.261"/>
  <system-out/>
</testsuite> <!-- hw15.Use_of_click_method_with_class_name -->
